<?xml version="1.0" encoding="UTF-8"?>
<testng-results ignored="0" total="1" passed="1" failed="0" skipped="0">
  <reporter-output>
  </reporter-output>
  <suite started-at="2020-12-18T19:48:58 IST" name="Default suite" finished-at="2020-12-18T19:49:15 IST" duration-ms="16797">
    <groups>
    </groups>
    <test started-at="2020-12-18T19:48:58 IST" name="Default test" finished-at="2020-12-18T19:49:15 IST" duration-ms="16797">
      <class name="com.test.GoogleTest">
        <test-method is-config="true" signature="setUp()[pri:0, instance:com.test.GoogleTest@5552768b]" started-at="2020-12-18T19:48:58 IST" name="setUp" finished-at="2020-12-18T19:49:10 IST" duration-ms="12632" status="PASS">
          <reporter-output>
          </reporter-output>
        </test-method> <!-- setUp -->
        <test-method signature="googleTitleTest()[pri:0, instance:com.test.GoogleTest@5552768b]" started-at="2020-12-18T19:49:10 IST" name="googleTitleTest" finished-at="2020-12-18T19:49:10 IST" duration-ms="18" status="PASS">
          <reporter-output>
          </reporter-output>
        </test-method> <!-- googleTitleTest -->
        <test-method is-config="true" signature="tearDown()[pri:0, instance:com.test.GoogleTest@5552768b]" started-at="2020-12-18T19:49:10 IST" name="tearDown" finished-at="2020-12-18T19:49:15 IST" duration-ms="4116" status="PASS">
          <reporter-output>
          </reporter-output>
        </test-method> <!-- tearDown -->
      </class> <!-- com.test.GoogleTest -->
    </test> <!-- Default test -->
  </suite> <!-- Default suite -->
</testng-results>
